2020-07-18 21:07:51.520  INFO 13272 --- [restartedMain] com.mengyi.BlogApplication               : Starting BlogApplication on DESKTOP-D7L5QJ7 with PID 13272 (D:\code\java_code\blog\target\classes started by mengyiyouth in D:\code\java_code\blog)
2020-07-18 21:07:51.525  INFO 13272 --- [restartedMain] com.mengyi.BlogApplication               : The following profiles are active: pro
2020-07-18 21:07:54.536  INFO 13272 --- [restartedMain] com.mengyi.BlogApplication               : Started BlogApplication in 3.679 seconds (JVM running for 4.567)
2020-07-18 21:08:36.746  INFO 13272 --- [http-nio-2020-exec-1] c.m.interceptor.UVStatisticInterceptor   : 2020-07-18 21:08:33：访客ip：0:0:0:0:0:0:0:1，Referer：null, Request: http://localhost:2020/
2020-07-18 21:08:36.804  INFO 13272 --- [http-nio-2020-exec-1] com.mengyi.aspect.LogAspect              : Request : RequestLog{url='/', ip='0:0:0:0:0:0:0:1', classMethod='com.mengyi.controller.IndexController.index', args=[{}, 1]}
2020-07-18 21:08:38.915 ERROR 13272 --- [http-nio-2020-exec-1] com.mengyi.handler.ControllerException   : Request URL : /, Exception : {}

org.springframework.data.redis.RedisConnectionFailureException: Unable to connect to Redis; nested exception is io.lettuce.core.RedisConnectionException: Unable to connect to 127.0.0.1:6379
	at org.springframework.data.redis.connection.lettuce.LettuceConnectionFactory$SharedConnection.getNativeConnection(LettuceConnectionFactory.java:1199)
	at org.springframework.data.redis.connection.lettuce.LettuceConnectionFactory$SharedConnection.getConnection(LettuceConnectionFactory.java:1178)
	at org.springframework.data.redis.connection.lettuce.LettuceConnectionFactory.getSharedConnection(LettuceConnectionFactory.java:942)
	at org.springframework.data.redis.connection.lettuce.LettuceConnectionFactory.getConnection(LettuceConnectionFactory.java:353)
	at org.springframework.data.redis.cache.DefaultRedisCacheWriter.execute(DefaultRedisCacheWriter.java:238)
	at org.springframework.data.redis.cache.DefaultRedisCacheWriter.get(DefaultRedisCacheWriter.java:109)
	at org.springframework.data.redis.cache.RedisCache.lookup(RedisCache.java:88)
	at org.springframework.cache.support.AbstractValueAdaptingCache.get(AbstractValueAdaptingCache.java:58)
	at org.springframework.cache.interceptor.AbstractCacheInvoker.doGet(AbstractCacheInvoker.java:73)
	at org.springframework.cache.interceptor.CacheAspectSupport.findInCaches(CacheAspectSupport.java:554)
	at org.springframework.cache.interceptor.CacheAspectSupport.findCachedItem(CacheAspectSupport.java:519)
	at org.springframework.cache.interceptor.CacheAspectSupport.execute(CacheAspectSupport.java:401)
	at org.springframework.cache.interceptor.CacheAspectSupport.execute(CacheAspectSupport.java:345)
	at org.springframework.cache.interceptor.CacheInterceptor.invoke(CacheInterceptor.java:61)
	at org.springframework.aop.framework.ReflectiveMethodInvocation.proceed(ReflectiveMethodInvocation.java:186)
	at org.springframework.aop.framework.CglibAopProxy$CglibMethodInvocation.proceed(CglibAopProxy.java:747)
	at org.springframework.aop.interceptor.ExposeInvocationInterceptor.invoke(ExposeInvocationInterceptor.java:95)
	at org.springframework.aop.framework.ReflectiveMethodInvocation.proceed(ReflectiveMethodInvocation.java:186)
	at org.springframework.aop.framework.CglibAopProxy$CglibMethodInvocation.proceed(CglibAopProxy.java:747)
	at org.springframework.aop.framework.CglibAopProxy$DynamicAdvisedInterceptor.intercept(CglibAopProxy.java:689)
	at com.mengyi.service.impl.BlogServiceImpl$$EnhancerBySpringCGLIB$$b6e015b2.getAllFirstPageBlog(<generated>)
	at com.mengyi.controller.IndexController.index(IndexController.java:42)
	at com.mengyi.controller.IndexController$$FastClassBySpringCGLIB$$57acc5c.invoke(<generated>)
	at org.springframework.cglib.proxy.MethodProxy.invoke(MethodProxy.java:218)
	at org.springframework.aop.framework.CglibAopProxy$CglibMethodInvocation.invokeJoinpoint(CglibAopProxy.java:769)
	at org.springframework.aop.framework.ReflectiveMethodInvocation.proceed(ReflectiveMethodInvocation.java:163)
	at org.springframework.aop.framework.CglibAopProxy$CglibMethodInvocation.proceed(CglibAopProxy.java:747)
	at org.springframework.aop.framework.adapter.MethodBeforeAdviceInterceptor.invoke(MethodBeforeAdviceInterceptor.java:56)
	at org.springframework.aop.framework.ReflectiveMethodInvocation.proceed(ReflectiveMethodInvocation.java:186)
	at org.springframework.aop.framework.CglibAopProxy$CglibMethodInvocation.proceed(CglibAopProxy.java:747)
	at org.springframework.aop.aspectj.AspectJAfterAdvice.invoke(AspectJAfterAdvice.java:47)
	at org.springframework.aop.framework.ReflectiveMethodInvocation.proceed(ReflectiveMethodInvocation.java:186)
	at org.springframework.aop.framework.CglibAopProxy$CglibMethodInvocation.proceed(CglibAopProxy.java:747)
	at org.springframework.aop.framework.adapter.AfterReturningAdviceInterceptor.invoke(AfterReturningAdviceInterceptor.java:55)
	at org.springframework.aop.framework.ReflectiveMethodInvocation.proceed(ReflectiveMethodInvocation.java:186)
	at org.springframework.aop.framework.CglibAopProxy$CglibMethodInvocation.proceed(CglibAopProxy.java:747)
	at org.springframework.aop.interceptor.ExposeInvocationInterceptor.invoke(ExposeInvocationInterceptor.java:95)
	at org.springframework.aop.framework.ReflectiveMethodInvocation.proceed(ReflectiveMethodInvocation.java:186)
	at org.springframework.aop.framework.CglibAopProxy$CglibMethodInvocation.proceed(CglibAopProxy.java:747)
	at org.springframework.aop.framework.CglibAopProxy$DynamicAdvisedInterceptor.intercept(CglibAopProxy.java:689)
	at com.mengyi.controller.IndexController$$EnhancerBySpringCGLIB$$1b1913e8.index(<generated>)
	at sun.reflect.NativeMethodAccessorImpl.invoke0(Native Method)
	at sun.reflect.NativeMethodAccessorImpl.invoke(NativeMethodAccessorImpl.java:62)
	at sun.reflect.DelegatingMethodAccessorImpl.invoke(DelegatingMethodAccessorImpl.java:43)
	at java.lang.reflect.Method.invoke(Method.java:498)
	at org.springframework.web.method.support.InvocableHandlerMethod.doInvoke(InvocableHandlerMethod.java:190)
	at org.springframework.web.method.support.InvocableHandlerMethod.invokeForRequest(InvocableHandlerMethod.java:138)
	at org.springframework.web.servlet.mvc.method.annotation.ServletInvocableHandlerMethod.invokeAndHandle(ServletInvocableHandlerMethod.java:106)
	at org.springframework.web.servlet.mvc.method.annotation.RequestMappingHandlerAdapter.invokeHandlerMethod(RequestMappingHandlerAdapter.java:879)
	at org.springframework.web.servlet.mvc.method.annotation.RequestMappingHandlerAdapter.handleInternal(RequestMappingHandlerAdapter.java:793)
	at org.springframework.web.servlet.mvc.method.AbstractHandlerMethodAdapter.handle(AbstractHandlerMethodAdapter.java:87)
	at org.springframework.web.servlet.DispatcherServlet.doDispatch(DispatcherServlet.java:1040)
	at org.springframework.web.servlet.DispatcherServlet.doService(DispatcherServlet.java:943)
	at org.springframework.web.servlet.FrameworkServlet.processRequest(FrameworkServlet.java:1006)
	at org.springframework.web.servlet.FrameworkServlet.doGet(FrameworkServlet.java:898)
	at javax.servlet.http.HttpServlet.service(HttpServlet.java:634)
	at org.springframework.web.servlet.FrameworkServlet.service(FrameworkServlet.java:883)
	at javax.servlet.http.HttpServlet.service(HttpServlet.java:741)
	at org.apache.catalina.core.ApplicationFilterChain.internalDoFilter(ApplicationFilterChain.java:231)
	at org.apache.catalina.core.ApplicationFilterChain.doFilter(ApplicationFilterChain.java:166)
	at org.apache.tomcat.websocket.server.WsFilter.doFilter(WsFilter.java:53)
	at org.apache.catalina.core.ApplicationFilterChain.internalDoFilter(ApplicationFilterChain.java:193)
	at org.apache.catalina.core.ApplicationFilterChain.doFilter(ApplicationFilterChain.java:166)
	at org.springframework.web.filter.RequestContextFilter.doFilterInternal(RequestContextFilter.java:100)
	at org.springframework.web.filter.OncePerRequestFilter.doFilter(OncePerRequestFilter.java:119)
	at org.apache.catalina.core.ApplicationFilterChain.internalDoFilter(ApplicationFilterChain.java:193)
	at org.apache.catalina.core.ApplicationFilterChain.doFilter(ApplicationFilterChain.java:166)
	at org.springframework.web.filter.FormContentFilter.doFilterInternal(FormContentFilter.java:93)
	at org.springframework.web.filter.OncePerRequestFilter.doFilter(OncePerRequestFilter.java:119)
	at org.apache.catalina.core.ApplicationFilterChain.internalDoFilter(ApplicationFilterChain.java:193)
	at org.apache.catalina.core.ApplicationFilterChain.doFilter(ApplicationFilterChain.java:166)
	at org.springframework.web.filter.CharacterEncodingFilter.doFilterInternal(CharacterEncodingFilter.java:201)
	at org.springframework.web.filter.OncePerRequestFilter.doFilter(OncePerRequestFilter.java:119)
	at org.apache.catalina.core.ApplicationFilterChain.internalDoFilter(ApplicationFilterChain.java:193)
	at org.apache.catalina.core.ApplicationFilterChain.doFilter(ApplicationFilterChain.java:166)
	at org.apache.catalina.core.StandardWrapperValve.invoke(StandardWrapperValve.java:202)
	at org.apache.catalina.core.StandardContextValve.invoke(StandardContextValve.java:96)
	at org.apache.catalina.authenticator.AuthenticatorBase.invoke(AuthenticatorBase.java:541)
	at org.apache.catalina.core.StandardHostValve.invoke(StandardHostValve.java:139)
	at org.apache.catalina.valves.ErrorReportValve.invoke(ErrorReportValve.java:92)
	at org.apache.catalina.core.StandardEngineValve.invoke(StandardEngineValve.java:74)
	at org.apache.catalina.connector.CoyoteAdapter.service(CoyoteAdapter.java:343)
	at org.apache.coyote.http11.Http11Processor.service(Http11Processor.java:367)
	at org.apache.coyote.AbstractProcessorLight.process(AbstractProcessorLight.java:65)
	at org.apache.coyote.AbstractProtocol$ConnectionHandler.process(AbstractProtocol.java:868)
	at org.apache.tomcat.util.net.NioEndpoint$SocketProcessor.doRun(NioEndpoint.java:1639)
	at org.apache.tomcat.util.net.SocketProcessorBase.run(SocketProcessorBase.java:49)
	at java.util.concurrent.ThreadPoolExecutor.runWorker(ThreadPoolExecutor.java:1149)
	at java.util.concurrent.ThreadPoolExecutor$Worker.run(ThreadPoolExecutor.java:624)
	at org.apache.tomcat.util.threads.TaskThread$WrappingRunnable.run(TaskThread.java:61)
	at java.lang.Thread.run(Thread.java:748)
Caused by: io.lettuce.core.RedisConnectionException: Unable to connect to 127.0.0.1:6379
	at io.lettuce.core.RedisConnectionException.create(RedisConnectionException.java:78)
	at io.lettuce.core.RedisConnectionException.create(RedisConnectionException.java:56)
	at io.lettuce.core.AbstractRedisClient.getConnection(AbstractRedisClient.java:234)
	at io.lettuce.core.RedisClient.connect(RedisClient.java:207)
	at org.springframework.data.redis.connection.lettuce.StandaloneConnectionProvider.lambda$getConnection$1(StandaloneConnectionProvider.java:115)
	at java.util.Optional.orElseGet(Optional.java:267)
	at org.springframework.data.redis.connection.lettuce.StandaloneConnectionProvider.getConnection(StandaloneConnectionProvider.java:115)
	at org.springframework.data.redis.connection.lettuce.LettuceConnectionFactory$SharedConnection.getNativeConnection(LettuceConnectionFactory.java:1197)
	... 90 common frames omitted
Caused by: io.netty.channel.AbstractChannel$AnnotatedConnectException: Connection refused: no further information: /127.0.0.1:6379
Caused by: java.net.ConnectException: Connection refused: no further information
	at sun.nio.ch.SocketChannelImpl.checkConnect(Native Method)
	at sun.nio.ch.SocketChannelImpl.finishConnect(SocketChannelImpl.java:717)
	at io.netty.channel.socket.nio.NioSocketChannel.doFinishConnect(NioSocketChannel.java:330)
	at io.netty.channel.nio.AbstractNioChannel$AbstractNioUnsafe.finishConnect(AbstractNioChannel.java:334)
	at io.netty.channel.nio.NioEventLoop.processSelectedKey(NioEventLoop.java:702)
	at io.netty.channel.nio.NioEventLoop.processSelectedKeysOptimized(NioEventLoop.java:650)
	at io.netty.channel.nio.NioEventLoop.processSelectedKeys(NioEventLoop.java:576)
	at io.netty.channel.nio.NioEventLoop.run(NioEventLoop.java:493)
	at io.netty.util.concurrent.SingleThreadEventExecutor$4.run(SingleThreadEventExecutor.java:989)
	at io.netty.util.internal.ThreadExecutorMap$2.run(ThreadExecutorMap.java:74)
	at io.netty.util.concurrent.FastThreadLocalRunnable.run(FastThreadLocalRunnable.java:30)
	at java.lang.Thread.run(Thread.java:748)

2020-07-18 21:08:38.918  WARN 13272 --- [http-nio-2020-exec-1] .m.m.a.ExceptionHandlerExceptionResolver : Resolved [org.springframework.data.redis.RedisConnectionFailureException: Unable to connect to Redis; nested exception is io.lettuce.core.RedisConnectionException: Unable to connect to 127.0.0.1:6379]
2020-07-18 21:08:41.449  INFO 13272 --- [http-nio-2020-exec-3] c.m.interceptor.UVStatisticInterceptor   : 2020-07-18 21:08:39：访客ip：0:0:0:0:0:0:0:1，Referer：http://localhost:2020/, Request: http://localhost:2020/static/css/me.css
2020-07-18 21:08:43.456  INFO 13272 --- [http-nio-2020-exec-4] c.m.interceptor.UVStatisticInterceptor   : 2020-07-18 21:08:39：访客ip：0:0:0:0:0:0:0:1，Referer：http://localhost:2020/, Request: http://localhost:2020/static/css/animate.css
2020-07-18 21:08:45.480  INFO 13272 --- [http-nio-2020-exec-2] c.m.interceptor.UVStatisticInterceptor   : 2020-07-18 21:08:39：访客ip：0:0:0:0:0:0:0:1，Referer：http://localhost:2020/, Request: http://localhost:2020/static/css/typo.css
2020-07-18 21:08:47.494  INFO 13272 --- [http-nio-2020-exec-6] c.m.interceptor.UVStatisticInterceptor   : 2020-07-18 21:08:43：访客ip：0:0:0:0:0:0:0:1，Referer：http://localhost:2020/, Request: http://localhost:2020/static/lib/tocbot/tocbot.css
2020-07-18 21:08:49.499  INFO 13272 --- [http-nio-2020-exec-5] c.m.interceptor.UVStatisticInterceptor   : 2020-07-18 21:08:41：访客ip：0:0:0:0:0:0:0:1，Referer：http://localhost:2020/, Request: http://localhost:2020/static/lib/prism//prism.css
2020-07-18 21:08:51.521  INFO 13272 --- [http-nio-2020-exec-8] c.m.interceptor.UVStatisticInterceptor   : 2020-07-18 21:08:47：访客ip：0:0:0:0:0:0:0:1，Referer：http://localhost:2020/, Request: http://localhost:2020/static/images/wechat.png
2020-07-18 21:08:53.527  INFO 13272 --- [http-nio-2020-exec-7] c.m.interceptor.UVStatisticInterceptor   : 2020-07-18 21:08:45：访客ip：0:0:0:0:0:0:0:1，Referer：http://localhost:2020/, Request: http://localhost:2020/static/css/timeline.css
2020-07-18 21:08:55.542  INFO 13272 --- [http-nio-2020-exec-9] c.m.interceptor.UVStatisticInterceptor   : 2020-07-18 21:08:51：访客ip：0:0:0:0:0:0:0:1，Referer：http://localhost:2020/static/css/me.css, Request: http://localhost:2020/static/images/mountain.jpg
2020-07-18 21:08:55.657  WARN 13272 --- [http-nio-2020-exec-10] o.s.web.servlet.PageNotFound             : No mapping for GET /favicon.ico
2020-07-18 21:08:57.673  INFO 13272 --- [http-nio-2020-exec-10] c.m.interceptor.UVStatisticInterceptor   : 2020-07-18 21:08:55：访客ip：0:0:0:0:0:0:0:1，Referer：http://localhost:2020/, Request: http://localhost:2020/error
2020-07-18 21:09:25.971  INFO 7736 --- [restartedMain] com.mengyi.BlogApplication               : Starting BlogApplication on DESKTOP-D7L5QJ7 with PID 7736 (D:\code\java_code\blog\target\classes started by mengyiyouth in D:\code\java_code\blog)
2020-07-18 21:09:25.976  INFO 7736 --- [restartedMain] com.mengyi.BlogApplication               : The following profiles are active: pro
2020-07-18 21:09:29.783  INFO 7736 --- [restartedMain] com.mengyi.BlogApplication               : Started BlogApplication in 4.811 seconds (JVM running for 5.794)
2020-07-18 21:09:31.342  INFO 7736 --- [http-nio-2020-exec-1] c.m.interceptor.UVStatisticInterceptor   : 2020-07-18 21:09:30：访客ip：0:0:0:0:0:0:0:1，Referer：null, Request: http://localhost:2020/
2020-07-18 21:09:31.373  INFO 7736 --- [http-nio-2020-exec-1] com.mengyi.aspect.LogAspect              : Request : RequestLog{url='/', ip='0:0:0:0:0:0:0:1', classMethod='com.mengyi.controller.IndexController.index', args=[{}, 1]}
2020-07-18 21:09:33.443  INFO 7736 --- [http-nio-2020-exec-1] com.mengyi.aspect.LogAspect              : Result : index
2020-07-18 21:09:33.964  INFO 7736 --- [http-nio-2020-exec-5] c.m.interceptor.UVStatisticInterceptor   : 2020-07-18 21:09:33：访客ip：0:0:0:0:0:0:0:1，Referer：http://localhost:2020/, Request: http://localhost:2020/static/lib/prism//prism.css
2020-07-18 21:09:33.995  INFO 7736 --- [http-nio-2020-exec-3] c.m.interceptor.UVStatisticInterceptor   : 2020-07-18 21:09:33：访客ip：0:0:0:0:0:0:0:1，Referer：http://localhost:2020/, Request: http://localhost:2020/static/css/me.css
2020-07-18 21:09:33.995  INFO 7736 --- [http-nio-2020-exec-7] c.m.interceptor.UVStatisticInterceptor   : 2020-07-18 21:09:33：访客ip：0:0:0:0:0:0:0:1，Referer：http://localhost:2020/, Request: http://localhost:2020/static/css/timeline.css
2020-07-18 21:09:33.996  INFO 7736 --- [http-nio-2020-exec-4] c.m.interceptor.UVStatisticInterceptor   : 2020-07-18 21:09:33：访客ip：0:0:0:0:0:0:0:1，Referer：http://localhost:2020/, Request: http://localhost:2020/static/css/animate.css
2020-07-18 21:09:33.995  INFO 7736 --- [http-nio-2020-exec-6] c.m.interceptor.UVStatisticInterceptor   : 2020-07-18 21:09:33：访客ip：0:0:0:0:0:0:0:1，Referer：http://localhost:2020/, Request: http://localhost:2020/static/lib/tocbot/tocbot.css
2020-07-18 21:09:33.995  INFO 7736 --- [http-nio-2020-exec-2] c.m.interceptor.UVStatisticInterceptor   : 2020-07-18 21:09:33：访客ip：0:0:0:0:0:0:0:1，Referer：http://localhost:2020/, Request: http://localhost:2020/static/css/typo.css
2020-07-18 21:09:34.026  INFO 7736 --- [http-nio-2020-exec-8] c.m.interceptor.UVStatisticInterceptor   : 2020-07-18 21:09:33：访客ip：0:0:0:0:0:0:0:1，Referer：http://localhost:2020/, Request: http://localhost:2020/static/lib/tocbot/tocbot.min.js
2020-07-18 21:09:34.059  INFO 7736 --- [http-nio-2020-exec-1] c.m.interceptor.UVStatisticInterceptor   : 2020-07-18 21:09:34：访客ip：0:0:0:0:0:0:0:1，Referer：http://localhost:2020/, Request: http://localhost:2020/static/lib/waypoints/jquery.waypoints.min.js
2020-07-18 21:09:34.058  INFO 7736 --- [http-nio-2020-exec-9] c.m.interceptor.UVStatisticInterceptor   : 2020-07-18 21:09:34：访客ip：0:0:0:0:0:0:0:1，Referer：http://localhost:2020/, Request: http://localhost:2020/static/lib/qrcode/qrcode.min.js
2020-07-18 21:09:34.059  INFO 7736 --- [http-nio-2020-exec-7] c.m.interceptor.UVStatisticInterceptor   : 2020-07-18 21:09:34：访客ip：0:0:0:0:0:0:0:1，Referer：http://localhost:2020/, Request: http://localhost:2020/static/images/wechat.png
2020-07-18 21:09:34.058  INFO 7736 --- [http-nio-2020-exec-10] c.m.interceptor.UVStatisticInterceptor   : 2020-07-18 21:09:34：访客ip：0:0:0:0:0:0:0:1，Referer：http://localhost:2020/, Request: http://localhost:2020/static/lib/prism/prism.js
2020-07-18 21:09:34.059  INFO 7736 --- [http-nio-2020-exec-5] c.m.interceptor.UVStatisticInterceptor   : 2020-07-18 21:09:34：访客ip：0:0:0:0:0:0:0:1，Referer：http://localhost:2020/, Request: http://localhost:2020/static/lib/timeline/timeline.js
2020-07-18 21:09:34.104  INFO 7736 --- [http-nio-2020-exec-2] c.m.interceptor.UVStatisticInterceptor   : 2020-07-18 21:09:34：访客ip：0:0:0:0:0:0:0:1，Referer：http://localhost:2020/static/css/me.css, Request: http://localhost:2020/static/images/mountain.jpg
2020-07-18 21:09:37.712  WARN 7736 --- [http-nio-2020-exec-6] o.s.web.servlet.PageNotFound             : No mapping for GET /favicon.ico
2020-07-18 21:09:37.748  INFO 7736 --- [http-nio-2020-exec-6] c.m.interceptor.UVStatisticInterceptor   : 2020-07-18 21:09:37：访客ip：0:0:0:0:0:0:0:1，Referer：http://localhost:2020/, Request: http://localhost:2020/error
2020-07-18 21:11:12.851  INFO 7736 --- [http-nio-2020-exec-1] c.m.interceptor.UVStatisticInterceptor   : 2020-07-18 21:11:12：访客ip：0:0:0:0:0:0:0:1，Referer：http://localhost:2020/, Request: http://localhost:2020/
2020-07-18 21:11:12.851  INFO 7736 --- [http-nio-2020-exec-1] com.mengyi.aspect.LogAspect              : Request : RequestLog{url='/', ip='0:0:0:0:0:0:0:1', classMethod='com.mengyi.controller.IndexController.index', args=[{}, 2]}
2020-07-18 21:11:13.429  INFO 7736 --- [http-nio-2020-exec-1] com.mengyi.aspect.LogAspect              : Result : index
2020-07-18 21:11:13.534  INFO 7736 --- [http-nio-2020-exec-10] c.m.interceptor.UVStatisticInterceptor   : 2020-07-18 21:11:13：访客ip：0:0:0:0:0:0:0:1，Referer：http://localhost:2020/?pageNum=2, Request: http://localhost:2020/static/css/typo.css
2020-07-18 21:11:13.565  INFO 7736 --- [http-nio-2020-exec-6] c.m.interceptor.UVStatisticInterceptor   : 2020-07-18 21:11:13：访客ip：0:0:0:0:0:0:0:1，Referer：http://localhost:2020/?pageNum=2, Request: http://localhost:2020/static/css/animate.css
2020-07-18 21:11:13.565  INFO 7736 --- [http-nio-2020-exec-3] c.m.interceptor.UVStatisticInterceptor   : 2020-07-18 21:11:13：访客ip：0:0:0:0:0:0:0:1，Referer：http://localhost:2020/?pageNum=2, Request: http://localhost:2020/static/lib/prism//prism.css
2020-07-18 21:11:13.565  INFO 7736 --- [http-nio-2020-exec-4] c.m.interceptor.UVStatisticInterceptor   : 2020-07-18 21:11:13：访客ip：0:0:0:0:0:0:0:1，Referer：http://localhost:2020/?pageNum=2, Request: http://localhost:2020/static/css/timeline.css
2020-07-18 21:11:13.565  INFO 7736 --- [http-nio-2020-exec-8] c.m.interceptor.UVStatisticInterceptor   : 2020-07-18 21:11:13：访客ip：0:0:0:0:0:0:0:1，Referer：http://localhost:2020/?pageNum=2, Request: http://localhost:2020/static/lib/tocbot/tocbot.css
2020-07-18 21:11:13.565  INFO 7736 --- [http-nio-2020-exec-2] c.m.interceptor.UVStatisticInterceptor   : 2020-07-18 21:11:13：访客ip：0:0:0:0:0:0:0:1，Referer：http://localhost:2020/?pageNum=2, Request: http://localhost:2020/static/css/me.css
2020-07-18 21:11:13.597  INFO 7736 --- [http-nio-2020-exec-7] c.m.interceptor.UVStatisticInterceptor   : 2020-07-18 21:11:13：访客ip：0:0:0:0:0:0:0:1，Referer：http://localhost:2020/?pageNum=2, Request: http://localhost:2020/static/lib/tocbot/tocbot.min.js
2020-07-18 21:11:13.628  INFO 7736 --- [http-nio-2020-exec-5] c.m.interceptor.UVStatisticInterceptor   : 2020-07-18 21:11:13：访客ip：0:0:0:0:0:0:0:1，Referer：http://localhost:2020/?pageNum=2, Request: http://localhost:2020/static/lib/qrcode/qrcode.min.js
2020-07-18 21:11:13.628  INFO 7736 --- [http-nio-2020-exec-1] c.m.interceptor.UVStatisticInterceptor   : 2020-07-18 21:11:13：访客ip：0:0:0:0:0:0:0:1，Referer：http://localhost:2020/?pageNum=2, Request: http://localhost:2020/static/lib/waypoints/jquery.waypoints.min.js
2020-07-18 21:11:13.629  INFO 7736 --- [http-nio-2020-exec-2] c.m.interceptor.UVStatisticInterceptor   : 2020-07-18 21:11:13：访客ip：0:0:0:0:0:0:0:1，Referer：http://localhost:2020/?pageNum=2, Request: http://localhost:2020/static/images/wechat.png
2020-07-18 21:11:13.628  INFO 7736 --- [http-nio-2020-exec-10] c.m.interceptor.UVStatisticInterceptor   : 2020-07-18 21:11:13：访客ip：0:0:0:0:0:0:0:1，Referer：http://localhost:2020/?pageNum=2, Request: http://localhost:2020/static/lib/timeline/timeline.js
2020-07-18 21:11:13.628  INFO 7736 --- [http-nio-2020-exec-9] c.m.interceptor.UVStatisticInterceptor   : 2020-07-18 21:11:13：访客ip：0:0:0:0:0:0:0:1，Referer：http://localhost:2020/?pageNum=2, Request: http://localhost:2020/static/lib/prism/prism.js
2020-07-18 21:11:13.660  INFO 7736 --- [http-nio-2020-exec-8] c.m.interceptor.UVStatisticInterceptor   : 2020-07-18 21:11:13：访客ip：0:0:0:0:0:0:0:1，Referer：http://localhost:2020/static/css/me.css, Request: http://localhost:2020/static/images/mountain.jpg
2020-07-18 21:11:15.993  INFO 7736 --- [http-nio-2020-exec-3] c.m.interceptor.UVStatisticInterceptor   : 2020-07-18 21:11:15：访客ip：0:0:0:0:0:0:0:1，Referer：http://localhost:2020/?pageNum=2, Request: http://localhost:2020/
2020-07-18 21:11:15.993  INFO 7736 --- [http-nio-2020-exec-3] com.mengyi.aspect.LogAspect              : Request : RequestLog{url='/', ip='0:0:0:0:0:0:0:1', classMethod='com.mengyi.controller.IndexController.index', args=[{}, 3]}
2020-07-18 21:11:16.279  INFO 7736 --- [http-nio-2020-exec-3] com.mengyi.aspect.LogAspect              : Result : index
2020-07-18 21:11:16.384  INFO 7736 --- [http-nio-2020-exec-6] c.m.interceptor.UVStatisticInterceptor   : 2020-07-18 21:11:16：访客ip：0:0:0:0:0:0:0:1，Referer：http://localhost:2020/?pageNum=3, Request: http://localhost:2020/static/css/typo.css
2020-07-18 21:11:16.416  INFO 7736 --- [http-nio-2020-exec-4] c.m.interceptor.UVStatisticInterceptor   : 2020-07-18 21:11:16：访客ip：0:0:0:0:0:0:0:1，Referer：http://localhost:2020/?pageNum=3, Request: http://localhost:2020/static/css/me.css
2020-07-18 21:11:16.416  INFO 7736 --- [http-nio-2020-exec-10] c.m.interceptor.UVStatisticInterceptor   : 2020-07-18 21:11:16：访客ip：0:0:0:0:0:0:0:1，Referer：http://localhost:2020/?pageNum=3, Request: http://localhost:2020/static/css/timeline.css
2020-07-18 21:11:16.416  INFO 7736 --- [http-nio-2020-exec-2] c.m.interceptor.UVStatisticInterceptor   : 2020-07-18 21:11:16：访客ip：0:0:0:0:0:0:0:1，Referer：http://localhost:2020/?pageNum=3, Request: http://localhost:2020/static/lib/tocbot/tocbot.css
2020-07-18 21:11:16.416  INFO 7736 --- [http-nio-2020-exec-7] c.m.interceptor.UVStatisticInterceptor   : 2020-07-18 21:11:16：访客ip：0:0:0:0:0:0:0:1，Referer：http://localhost:2020/?pageNum=3, Request: http://localhost:2020/static/css/animate.css
2020-07-18 21:11:16.416  INFO 7736 --- [http-nio-2020-exec-5] c.m.interceptor.UVStatisticInterceptor   : 2020-07-18 21:11:16：访客ip：0:0:0:0:0:0:0:1，Referer：http://localhost:2020/?pageNum=3, Request: http://localhost:2020/static/lib/prism//prism.css
2020-07-18 21:11:16.447  INFO 7736 --- [http-nio-2020-exec-1] c.m.interceptor.UVStatisticInterceptor   : 2020-07-18 21:11:16：访客ip：0:0:0:0:0:0:0:1，Referer：http://localhost:2020/?pageNum=3, Request: http://localhost:2020/static/lib/tocbot/tocbot.min.js
2020-07-18 21:11:16.479  INFO 7736 --- [http-nio-2020-exec-9] c.m.interceptor.UVStatisticInterceptor   : 2020-07-18 21:11:16：访客ip：0:0:0:0:0:0:0:1，Referer：http://localhost:2020/?pageNum=3, Request: http://localhost:2020/static/lib/qrcode/qrcode.min.js
2020-07-18 21:11:16.479  INFO 7736 --- [http-nio-2020-exec-3] c.m.interceptor.UVStatisticInterceptor   : 2020-07-18 21:11:16：访客ip：0:0:0:0:0:0:0:1，Referer：http://localhost:2020/?pageNum=3, Request: http://localhost:2020/static/lib/waypoints/jquery.waypoints.min.js
2020-07-18 21:11:16.479  INFO 7736 --- [http-nio-2020-exec-8] c.m.interceptor.UVStatisticInterceptor   : 2020-07-18 21:11:16：访客ip：0:0:0:0:0:0:0:1，Referer：http://localhost:2020/?pageNum=3, Request: http://localhost:2020/static/lib/prism/prism.js
2020-07-18 21:11:16.479  INFO 7736 --- [http-nio-2020-exec-2] c.m.interceptor.UVStatisticInterceptor   : 2020-07-18 21:11:16：访客ip：0:0:0:0:0:0:0:1，Referer：http://localhost:2020/?pageNum=3, Request: http://localhost:2020/static/images/wechat.png
2020-07-18 21:11:16.479  INFO 7736 --- [http-nio-2020-exec-6] c.m.interceptor.UVStatisticInterceptor   : 2020-07-18 21:11:16：访客ip：0:0:0:0:0:0:0:1，Referer：http://localhost:2020/?pageNum=3, Request: http://localhost:2020/static/lib/timeline/timeline.js
2020-07-18 21:11:16.510  INFO 7736 --- [http-nio-2020-exec-5] c.m.interceptor.UVStatisticInterceptor   : 2020-07-18 21:11:16：访客ip：0:0:0:0:0:0:0:1，Referer：http://localhost:2020/static/css/me.css, Request: http://localhost:2020/static/images/mountain.jpg
2020-07-18 21:11:41.682  INFO 7736 --- [http-nio-2020-exec-10] c.m.interceptor.UVStatisticInterceptor   : 2020-07-18 21:11:41：访客ip：0:0:0:0:0:0:0:1，Referer：null, Request: http://localhost:2020/
2020-07-18 21:11:41.682  INFO 7736 --- [http-nio-2020-exec-10] com.mengyi.aspect.LogAspect              : Request : RequestLog{url='/', ip='0:0:0:0:0:0:0:1', classMethod='com.mengyi.controller.IndexController.index', args=[{}, 1]}
2020-07-18 21:11:41.887  INFO 7736 --- [http-nio-2020-exec-10] com.mengyi.aspect.LogAspect              : Result : index
2020-07-18 21:11:41.987  INFO 7736 --- [http-nio-2020-exec-1] c.m.interceptor.UVStatisticInterceptor   : 2020-07-18 21:11:41：访客ip：0:0:0:0:0:0:0:1，Referer：http://localhost:2020/, Request: http://localhost:2020/static/css/animate.css
2020-07-18 21:11:42.019  INFO 7736 --- [http-nio-2020-exec-7] c.m.interceptor.UVStatisticInterceptor   : 2020-07-18 21:11:41：访客ip：0:0:0:0:0:0:0:1，Referer：http://localhost:2020/, Request: http://localhost:2020/static/css/me.css
2020-07-18 21:11:42.019  INFO 7736 --- [http-nio-2020-exec-4] c.m.interceptor.UVStatisticInterceptor   : 2020-07-18 21:11:41：访客ip：0:0:0:0:0:0:0:1，Referer：http://localhost:2020/, Request: http://localhost:2020/static/css/typo.css
2020-07-18 21:11:42.019  INFO 7736 --- [http-nio-2020-exec-3] c.m.interceptor.UVStatisticInterceptor   : 2020-07-18 21:11:41：访客ip：0:0:0:0:0:0:0:1，Referer：http://localhost:2020/, Request: http://localhost:2020/static/lib/prism//prism.css
2020-07-18 21:11:42.019  INFO 7736 --- [http-nio-2020-exec-6] c.m.interceptor.UVStatisticInterceptor   : 2020-07-18 21:11:41：访客ip：0:0:0:0:0:0:0:1，Referer：http://localhost:2020/, Request: http://localhost:2020/static/css/timeline.css
2020-07-18 21:11:42.019  INFO 7736 --- [http-nio-2020-exec-9] c.m.interceptor.UVStatisticInterceptor   : 2020-07-18 21:11:41：访客ip：0:0:0:0:0:0:0:1，Referer：http://localhost:2020/, Request: http://localhost:2020/static/lib/tocbot/tocbot.css
2020-07-18 21:11:42.050  INFO 7736 --- [http-nio-2020-exec-2] c.m.interceptor.UVStatisticInterceptor   : 2020-07-18 21:11:41：访客ip：0:0:0:0:0:0:0:1，Referer：http://localhost:2020/, Request: http://localhost:2020/static/lib/tocbot/tocbot.min.js
2020-07-18 21:11:42.081  INFO 7736 --- [http-nio-2020-exec-5] c.m.interceptor.UVStatisticInterceptor   : 2020-07-18 21:11:42：访客ip：0:0:0:0:0:0:0:1，Referer：http://localhost:2020/, Request: http://localhost:2020/static/lib/prism/prism.js
2020-07-18 21:11:42.081  INFO 7736 --- [http-nio-2020-exec-1] c.m.interceptor.UVStatisticInterceptor   : 2020-07-18 21:11:42：访客ip：0:0:0:0:0:0:0:1，Referer：http://localhost:2020/, Request: http://localhost:2020/static/lib/timeline/timeline.js
2020-07-18 21:11:42.081  INFO 7736 --- [http-nio-2020-exec-10] c.m.interceptor.UVStatisticInterceptor   : 2020-07-18 21:11:42：访客ip：0:0:0:0:0:0:0:1，Referer：http://localhost:2020/, Request: http://localhost:2020/static/lib/waypoints/jquery.waypoints.min.js
2020-07-18 21:11:42.081  INFO 7736 --- [http-nio-2020-exec-7] c.m.interceptor.UVStatisticInterceptor   : 2020-07-18 21:11:42：访客ip：0:0:0:0:0:0:0:1，Referer：http://localhost:2020/, Request: http://localhost:2020/static/images/wechat.png
2020-07-18 21:11:42.081  INFO 7736 --- [http-nio-2020-exec-8] c.m.interceptor.UVStatisticInterceptor   : 2020-07-18 21:11:42：访客ip：0:0:0:0:0:0:0:1，Referer：http://localhost:2020/, Request: http://localhost:2020/static/lib/qrcode/qrcode.min.js
2020-07-18 21:11:42.112  INFO 7736 --- [http-nio-2020-exec-9] c.m.interceptor.UVStatisticInterceptor   : 2020-07-18 21:11:42：访客ip：0:0:0:0:0:0:0:1，Referer：http://localhost:2020/static/css/me.css, Request: http://localhost:2020/static/images/mountain.jpg
2020-07-18 21:11:43.804  INFO 7736 --- [http-nio-2020-exec-4] c.m.interceptor.UVStatisticInterceptor   : 2020-07-18 21:11:43：访客ip：0:0:0:0:0:0:0:1，Referer：http://localhost:2020/, Request: http://localhost:2020/blog/23
2020-07-18 21:11:43.806  INFO 7736 --- [http-nio-2020-exec-4] com.mengyi.aspect.LogAspect              : Request : RequestLog{url='/blog/23', ip='0:0:0:0:0:0:0:1', classMethod='com.mengyi.controller.IndexController.blog', args=[23, {}, org.apache.catalina.connector.RequestFacade@61a58c71]}
2020-07-18 21:11:44.277  INFO 7736 --- [http-nio-2020-exec-4] com.mengyi.aspect.LogAspect              : Result : blog
2020-07-18 21:11:44.367  INFO 7736 --- [http-nio-2020-exec-3] c.m.interceptor.UVStatisticInterceptor   : 2020-07-18 21:11:44：访客ip：0:0:0:0:0:0:0:1，Referer：http://localhost:2020/blog/23, Request: http://localhost:2020/static/css/typo.css
2020-07-18 21:11:44.398  INFO 7736 --- [http-nio-2020-exec-6] c.m.interceptor.UVStatisticInterceptor   : 2020-07-18 21:11:44：访客ip：0:0:0:0:0:0:0:1，Referer：http://localhost:2020/blog/23, Request: http://localhost:2020/static/css/me.css
2020-07-18 21:11:44.398  INFO 7736 --- [http-nio-2020-exec-2] c.m.interceptor.UVStatisticInterceptor   : 2020-07-18 21:11:44：访客ip：0:0:0:0:0:0:0:1，Referer：http://localhost:2020/blog/23, Request: http://localhost:2020/static/css/animate.css
2020-07-18 21:11:44.398  INFO 7736 --- [http-nio-2020-exec-10] c.m.interceptor.UVStatisticInterceptor   : 2020-07-18 21:11:44：访客ip：0:0:0:0:0:0:0:1，Referer：http://localhost:2020/blog/23, Request: http://localhost:2020/static/lib/prism//prism.css
2020-07-18 21:11:44.398  INFO 7736 --- [http-nio-2020-exec-1] c.m.interceptor.UVStatisticInterceptor   : 2020-07-18 21:11:44：访客ip：0:0:0:0:0:0:0:1，Referer：http://localhost:2020/blog/23, Request: http://localhost:2020/static/lib/tocbot/tocbot.css
2020-07-18 21:11:44.398  INFO 7736 --- [http-nio-2020-exec-7] c.m.interceptor.UVStatisticInterceptor   : 2020-07-18 21:11:44：访客ip：0:0:0:0:0:0:0:1，Referer：http://localhost:2020/blog/23, Request: http://localhost:2020/static/css/timeline.css
2020-07-18 21:11:44.429  INFO 7736 --- [http-nio-2020-exec-8] c.m.interceptor.UVStatisticInterceptor   : 2020-07-18 21:11:44：访客ip：0:0:0:0:0:0:0:1，Referer：http://localhost:2020/blog/23, Request: http://localhost:2020/static/images/alipay.jpg
2020-07-18 21:11:44.460  INFO 7736 --- [http-nio-2020-exec-9] c.m.interceptor.UVStatisticInterceptor   : 2020-07-18 21:11:44：访客ip：0:0:0:0:0:0:0:1，Referer：http://localhost:2020/blog/23, Request: http://localhost:2020/static/lib/qrcode/qrcode.min.js
2020-07-18 21:11:44.460  INFO 7736 --- [http-nio-2020-exec-2] c.m.interceptor.UVStatisticInterceptor   : 2020-07-18 21:11:44：访客ip：0:0:0:0:0:0:0:1，Referer：http://localhost:2020/blog/23, Request: http://localhost:2020/static/lib/timeline/timeline.js
2020-07-18 21:11:44.460  INFO 7736 --- [http-nio-2020-exec-4] c.m.interceptor.UVStatisticInterceptor   : 2020-07-18 21:11:44：访客ip：0:0:0:0:0:0:0:1，Referer：http://localhost:2020/blog/23, Request: http://localhost:2020/static/lib/prism/prism.js
2020-07-18 21:11:44.460  INFO 7736 --- [http-nio-2020-exec-3] c.m.interceptor.UVStatisticInterceptor   : 2020-07-18 21:11:44：访客ip：0:0:0:0:0:0:0:1，Referer：http://localhost:2020/blog/23, Request: http://localhost:2020/static/lib/waypoints/jquery.waypoints.min.js
2020-07-18 21:11:44.460  INFO 7736 --- [http-nio-2020-exec-5] c.m.interceptor.UVStatisticInterceptor   : 2020-07-18 21:11:44：访客ip：0:0:0:0:0:0:0:1，Referer：http://localhost:2020/blog/23, Request: http://localhost:2020/static/lib/tocbot/tocbot.min.js
2020-07-18 21:11:44.490  INFO 7736 --- [http-nio-2020-exec-10] c.m.interceptor.UVStatisticInterceptor   : 2020-07-18 21:11:44：访客ip：0:0:0:0:0:0:0:1，Referer：http://localhost:2020/blog/23, Request: http://localhost:2020/static/images/wechatpay.jpg
2020-07-18 21:11:44.521  INFO 7736 --- [http-nio-2020-exec-6] c.m.interceptor.UVStatisticInterceptor   : 2020-07-18 21:11:44：访客ip：0:0:0:0:0:0:0:1，Referer：http://localhost:2020/blog/23, Request: http://localhost:2020/static/images/wechat.png
2020-07-18 21:11:44.521  INFO 7736 --- [http-nio-2020-exec-1] c.m.interceptor.UVStatisticInterceptor   : 2020-07-18 21:11:44：访客ip：0:0:0:0:0:0:0:1，Referer：http://localhost:2020/static/css/me.css, Request: http://localhost:2020/static/images/mountain.jpg
2020-07-18 21:11:44.879  INFO 7736 --- [http-nio-2020-exec-7] c.m.interceptor.UVStatisticInterceptor   : 2020-07-18 21:11:44：访客ip：0:0:0:0:0:0:0:1，Referer：http://localhost:2020/blog/23, Request: http://localhost:2020/comments/23
2020-07-18 21:11:44.881  INFO 7736 --- [http-nio-2020-exec-7] com.mengyi.aspect.LogAspect              : Request : RequestLog{url='/comments/23', ip='0:0:0:0:0:0:0:1', classMethod='com.mengyi.controller.CommentController.comments', args=[23, {}]}
2020-07-18 21:11:45.028  INFO 7736 --- [http-nio-2020-exec-7] com.mengyi.aspect.LogAspect              : Result : blog :: commentList
2020-07-18 21:11:46.709  INFO 7736 --- [http-nio-2020-exec-8] c.m.interceptor.UVStatisticInterceptor   : 2020-07-18 21:11:46：访客ip：0:0:0:0:0:0:0:1，Referer：null, Request: http://localhost:2020/
2020-07-18 21:11:46.711  INFO 7736 --- [http-nio-2020-exec-8] com.mengyi.aspect.LogAspect              : Request : RequestLog{url='/', ip='0:0:0:0:0:0:0:1', classMethod='com.mengyi.controller.IndexController.index', args=[{}, 1]}
2020-07-18 21:11:46.905  INFO 7736 --- [http-nio-2020-exec-8] com.mengyi.aspect.LogAspect              : Result : index
2020-07-18 21:11:46.985  INFO 7736 --- [http-nio-2020-exec-5] c.m.interceptor.UVStatisticInterceptor   : 2020-07-18 21:11:46：访客ip：0:0:0:0:0:0:0:1，Referer：http://localhost:2020/, Request: http://localhost:2020/static/css/typo.css
2020-07-18 21:11:47.016  INFO 7736 --- [http-nio-2020-exec-2] c.m.interceptor.UVStatisticInterceptor   : 2020-07-18 21:11:46：访客ip：0:0:0:0:0:0:0:1，Referer：http://localhost:2020/, Request: http://localhost:2020/static/css/me.css
2020-07-18 21:11:47.016  INFO 7736 --- [http-nio-2020-exec-3] c.m.interceptor.UVStatisticInterceptor   : 2020-07-18 21:11:46：访客ip：0:0:0:0:0:0:0:1，Referer：http://localhost:2020/, Request: http://localhost:2020/static/lib/prism//prism.css
2020-07-18 21:11:47.016  INFO 7736 --- [http-nio-2020-exec-9] c.m.interceptor.UVStatisticInterceptor   : 2020-07-18 21:11:46：访客ip：0:0:0:0:0:0:0:1，Referer：http://localhost:2020/, Request: http://localhost:2020/static/css/animate.css
2020-07-18 21:11:47.016  INFO 7736 --- [http-nio-2020-exec-4] c.m.interceptor.UVStatisticInterceptor   : 2020-07-18 21:11:46：访客ip：0:0:0:0:0:0:0:1，Referer：http://localhost:2020/, Request: http://localhost:2020/static/lib/tocbot/tocbot.css
2020-07-18 21:11:47.016  INFO 7736 --- [http-nio-2020-exec-10] c.m.interceptor.UVStatisticInterceptor   : 2020-07-18 21:11:46：访客ip：0:0:0:0:0:0:0:1，Referer：http://localhost:2020/, Request: http://localhost:2020/static/css/timeline.css
2020-07-18 21:11:47.047  INFO 7736 --- [http-nio-2020-exec-6] c.m.interceptor.UVStatisticInterceptor   : 2020-07-18 21:11:46：访客ip：0:0:0:0:0:0:0:1，Referer：http://localhost:2020/, Request: http://localhost:2020/static/lib/tocbot/tocbot.min.js
2020-07-18 21:11:47.078  INFO 7736 --- [http-nio-2020-exec-5] c.m.interceptor.UVStatisticInterceptor   : 2020-07-18 21:11:47：访客ip：0:0:0:0:0:0:0:1，Referer：http://localhost:2020/, Request: http://localhost:2020/static/lib/timeline/timeline.js
2020-07-18 21:11:47.078  INFO 7736 --- [http-nio-2020-exec-1] c.m.interceptor.UVStatisticInterceptor   : 2020-07-18 21:11:47：访客ip：0:0:0:0:0:0:0:1，Referer：http://localhost:2020/, Request: http://localhost:2020/static/lib/qrcode/qrcode.min.js
2020-07-18 21:11:47.078  INFO 7736 --- [http-nio-2020-exec-2] c.m.interceptor.UVStatisticInterceptor   : 2020-07-18 21:11:47：访客ip：0:0:0:0:0:0:0:1，Referer：http://localhost:2020/, Request: http://localhost:2020/static/images/wechat.png
2020-07-18 21:11:47.078  INFO 7736 --- [http-nio-2020-exec-7] c.m.interceptor.UVStatisticInterceptor   : 2020-07-18 21:11:47：访客ip：0:0:0:0:0:0:0:1，Referer：http://localhost:2020/, Request: http://localhost:2020/static/lib/prism/prism.js
2020-07-18 21:11:47.078  INFO 7736 --- [http-nio-2020-exec-8] c.m.interceptor.UVStatisticInterceptor   : 2020-07-18 21:11:47：访客ip：0:0:0:0:0:0:0:1，Referer：http://localhost:2020/, Request: http://localhost:2020/static/lib/waypoints/jquery.waypoints.min.js
2020-07-18 21:11:47.108  INFO 7736 --- [http-nio-2020-exec-3] c.m.interceptor.UVStatisticInterceptor   : 2020-07-18 21:11:47：访客ip：0:0:0:0:0:0:0:1，Referer：http://localhost:2020/static/css/me.css, Request: http://localhost:2020/static/images/mountain.jpg
2020-07-18 21:12:12.522  INFO 7736 --- [http-nio-2020-exec-4] c.m.interceptor.UVStatisticInterceptor   : 2020-07-18 21:12:12：访客ip：0:0:0:0:0:0:0:1，Referer：http://localhost:2020/, Request: http://localhost:2020/about
2020-07-18 21:12:12.523  INFO 7736 --- [http-nio-2020-exec-4] com.mengyi.aspect.LogAspect              : Request : RequestLog{url='/about', ip='0:0:0:0:0:0:0:1', classMethod='com.mengyi.controller.AboutShowController.about', args=[{}]}
2020-07-18 21:12:12.890  INFO 7736 --- [http-nio-2020-exec-4] c.m.service.impl.UVStatisticServicImpl   : 访问量统计时间段: {2020-07-12=0, 2020-07-13=0, 2020-07-14=0, 2020-07-15=0, 2020-07-16=0, 2020-07-17=0, 2020-07-18=1}
2020-07-18 21:12:12.957  INFO 7736 --- [http-nio-2020-exec-4] com.mengyi.aspect.LogAspect              : Result : about
2020-07-18 21:12:13.061  INFO 7736 --- [http-nio-2020-exec-10] c.m.interceptor.UVStatisticInterceptor   : 2020-07-18 21:12:13：访客ip：0:0:0:0:0:0:0:1，Referer：http://localhost:2020/about, Request: http://localhost:2020/static/css/typo.css
2020-07-18 21:12:13.092  INFO 7736 --- [http-nio-2020-exec-9] c.m.interceptor.UVStatisticInterceptor   : 2020-07-18 21:12:13：访客ip：0:0:0:0:0:0:0:1，Referer：http://localhost:2020/about, Request: http://localhost:2020/static/css/me.css
2020-07-18 21:12:13.092  INFO 7736 --- [http-nio-2020-exec-5] c.m.interceptor.UVStatisticInterceptor   : 2020-07-18 21:12:13：访客ip：0:0:0:0:0:0:0:1，Referer：http://localhost:2020/about, Request: http://localhost:2020/static/lib/tocbot/tocbot.css
2020-07-18 21:12:13.092  INFO 7736 --- [http-nio-2020-exec-1] c.m.interceptor.UVStatisticInterceptor   : 2020-07-18 21:12:13：访客ip：0:0:0:0:0:0:0:1，Referer：http://localhost:2020/about, Request: http://localhost:2020/static/css/timeline.css
2020-07-18 21:12:13.092  INFO 7736 --- [http-nio-2020-exec-6] c.m.interceptor.UVStatisticInterceptor   : 2020-07-18 21:12:13：访客ip：0:0:0:0:0:0:0:1，Referer：http://localhost:2020/about, Request: http://localhost:2020/static/css/animate.css
2020-07-18 21:12:13.092  INFO 7736 --- [http-nio-2020-exec-2] c.m.interceptor.UVStatisticInterceptor   : 2020-07-18 21:12:13：访客ip：0:0:0:0:0:0:0:1，Referer：http://localhost:2020/about, Request: http://localhost:2020/static/lib/prism//prism.css
2020-07-18 21:12:13.124  INFO 7736 --- [http-nio-2020-exec-8] c.m.interceptor.UVStatisticInterceptor   : 2020-07-18 21:12:13：访客ip：0:0:0:0:0:0:0:1，Referer：http://localhost:2020/about, Request: http://localhost:2020/static/lib/tocbot/tocbot.min.js
2020-07-18 21:12:13.155  INFO 7736 --- [http-nio-2020-exec-3] c.m.interceptor.UVStatisticInterceptor   : 2020-07-18 21:12:13：访客ip：0:0:0:0:0:0:0:1，Referer：http://localhost:2020/about, Request: http://localhost:2020/static/lib/prism/prism.js
2020-07-18 21:12:13.155  INFO 7736 --- [http-nio-2020-exec-7] c.m.interceptor.UVStatisticInterceptor   : 2020-07-18 21:12:13：访客ip：0:0:0:0:0:0:0:1，Referer：http://localhost:2020/about, Request: http://localhost:2020/static/lib/qrcode/qrcode.min.js
2020-07-18 21:12:13.155  INFO 7736 --- [http-nio-2020-exec-4] c.m.interceptor.UVStatisticInterceptor   : 2020-07-18 21:12:13：访客ip：0:0:0:0:0:0:0:1，Referer：http://localhost:2020/about, Request: http://localhost:2020/static/lib/waypoints/jquery.waypoints.min.js
2020-07-18 21:12:13.155  INFO 7736 --- [http-nio-2020-exec-9] c.m.interceptor.UVStatisticInterceptor   : 2020-07-18 21:12:13：访客ip：0:0:0:0:0:0:0:1，Referer：http://localhost:2020/about, Request: http://localhost:2020/static/images/wechat.png
2020-07-18 21:12:13.155  INFO 7736 --- [http-nio-2020-exec-10] c.m.interceptor.UVStatisticInterceptor   : 2020-07-18 21:12:13：访客ip：0:0:0:0:0:0:0:1，Referer：http://localhost:2020/about, Request: http://localhost:2020/static/lib/timeline/timeline.js
2020-07-18 21:12:13.187  INFO 7736 --- [http-nio-2020-exec-2] c.m.interceptor.UVStatisticInterceptor   : 2020-07-18 21:12:13：访客ip：0:0:0:0:0:0:0:1，Referer：http://localhost:2020/static/css/me.css, Request: http://localhost:2020/static/images/mountain.jpg
2020-07-18 21:14:19.364  INFO 11120 --- [main] com.mengyi.BlogApplicationTests          : Starting BlogApplicationTests on DESKTOP-D7L5QJ7 with PID 11120 (started by mengyiyouth in D:\code\java_code\blog)
2020-07-18 21:14:19.366  INFO 11120 --- [main] com.mengyi.BlogApplicationTests          : The following profiles are active: pro
2020-07-18 21:14:25.749  INFO 11120 --- [main] com.mengyi.BlogApplicationTests          : Started BlogApplicationTests in 7.035 seconds (JVM running for 9.525)
